<?xml version='1.0' encoding='UTF-8'?>
<project>
  <actions/>
  <description>Test the Riak broker has come up and is available to service requests.</description>
  <keepDependencies>false</keepDependencies>
  <properties>
    <hudson.model.ParametersDefinitionProperty>
      <parameterDefinitions>
        <hudson.model.StringParameterDefinition>
          <name>JOB_INFRASTRUCTURE_DIR</name>
          <description>Name of the infrastructure directory</description>
          <defaultValue>${INFRASTRUCTURE_DIR}</defaultValue>
        </hudson.model.StringParameterDefinition>
      </parameterDefinitions>
    </hudson.model.ParametersDefinitionProperty>
    <se.diabol.jenkins.pipeline.PipelineProperty plugin="delivery-pipeline-plugin@0.8.0">
      <taskName>Riak Broker Test</taskName>
      <stageName>Test</stageName>
    </se.diabol.jenkins.pipeline.PipelineProperty>
    <com.sonyericsson.rebuild.RebuildSettings plugin="rebuild@1.21">
      <autoRebuild>false</autoRebuild>
    </com.sonyericsson.rebuild.RebuildSettings>
  </properties>
  <scm class="hudson.plugins.git.GitSCM" plugin="git@2.2.1">
    <configVersion>2</configVersion>
    <userRemoteConfigs>
      <hudson.plugins.git.UserRemoteConfig>
        <url>${CONFIG_REPO}</url>
      </hudson.plugins.git.UserRemoteConfig>
    </userRemoteConfigs>
    <branches>
      <hudson.plugins.git.BranchSpec>
        <name>${CONFIG_REPO_BRANCH}</name>
      </hudson.plugins.git.BranchSpec>
    </branches>
    <doGenerateSubmoduleConfigurations>false</doGenerateSubmoduleConfigurations>
    <submoduleCfg class="list"/>
    <extensions>
      <hudson.plugins.git.extensions.impl.CleanCheckout/>
      <hudson.plugins.git.extensions.impl.SubmoduleOption>
        <disableSubmodules>false</disableSubmodules>
        <recursiveSubmodules>true</recursiveSubmodules>
        <trackingSubmodules>false</trackingSubmodules>
      </hudson.plugins.git.extensions.impl.SubmoduleOption>
    </extensions>
  </scm>
  <canRoam>true</canRoam>
  <disabled>false</disabled>
  <blockBuildWhenDownstreamBuilding>false</blockBuildWhenDownstreamBuilding>
  <blockBuildWhenUpstreamBuilding>false</blockBuildWhenUpstreamBuilding>
  <triggers/>
  <concurrentBuild>false</concurrentBuild>
  <builders>
    <hudson.tasks.Shell>
      <command>#!bash -e

GITHUB_BASE_URL=&quot;${GIT_URL}/tree/${GIT_COMMIT}&quot;

echo &quot;***********************&quot;
echo &quot;${DESC}&quot; 
echo &quot;***********************&quot;

RUBY_VERSION=$(ruby -v | awk &apos;{print $2}&apos;)
export GEM_HOME=/var/vcap/store/gems/$RUBY_VERSION/$JOB_NAME
export GEM_PATH=$GEM_HOME
export PATH=$PATH:$GEM_HOME/bin
gem install bundler -v 1.6.2

(
(
cd C3-Services
bundle -j3
bundle exec rake riak:test_deployment[\
`pwd`/../infrastructure/${JOB_INFRASTRUCTURE_DIR}/riak\
]
)
)</command>
    </hudson.tasks.Shell>
  </builders>
  <publishers>
    <hudson.plugins.parameterizedtrigger.BuildTrigger plugin="parameterized-trigger@2.24">
      <configs>
        <hudson.plugins.parameterizedtrigger.BuildTriggerConfig>
          <configs>
            <hudson.plugins.git.GitRevisionBuildParameters plugin="git@2.2.1">
              <combineQueuedCommits>false</combineQueuedCommits>
            </hudson.plugins.git.GitRevisionBuildParameters>
            <hudson.plugins.parameterizedtrigger.CurrentBuildParameters/>
          </configs>
          <projects>test-riak-integration</projects>
          <condition>UNSTABLE_OR_BETTER</condition>
          <triggerWithNoParameters>false</triggerWithNoParameters>
        </hudson.plugins.parameterizedtrigger.BuildTriggerConfig>
      </configs>
    </hudson.plugins.parameterizedtrigger.BuildTrigger>
  </publishers>
  <buildWrappers/>
</project>