<?xml version='1.0' encoding='UTF-8'?>
<project>
  <actions/>
  <description>Integration test CF and Riak</description>
  <keepDependencies>false</keepDependencies>
  <properties>
    <hudson.model.ParametersDefinitionProperty>
      <parameterDefinitions>
        <hudson.model.StringParameterDefinition>
          <name>JOB_INFRASTRUCTURE_DIR</name>
          <description>Name of the infrastructure directory from which your CF yaml fragments will be read.&lt;br&gt;
Ie: ${CONFIG_REPO}/infrastructure/${INFRASTRUCTURE_DIR}</description>
          <defaultValue>${INFRASTRUCTURE_DIR}</defaultValue>
        </hudson.model.StringParameterDefinition>
        <hudson.model.StringParameterDefinition>
          <name>RIAK_MANIFEST</name>
          <description>Riak BOSH Manifest.&lt;br&gt;
Ie: ${CONFIG_REPO}/jobs/riak/${RIAK_MANIFEST}</description>
          <defaultValue>riak-core.yml</defaultValue>
        </hudson.model.StringParameterDefinition>
        <hudson.model.StringParameterDefinition>
          <name>STEMCELL_URL</name>
          <description>HTTP(S) url to any &lt;a href=&quot;http://bosh_artifacts.cfapps.io/file_collections?type=stemcells&quot;&gt;BOSH Stemcell&lt;/a&gt; accessible to Jenkins.</description>
          <defaultValue>http://bosh-jenkins-artifacts.s3.amazonaws.com/bosh-stemcell/aws/bosh-stemcell-2427-aws-xen-ubuntu.tgz</defaultValue>
        </hudson.model.StringParameterDefinition>
      </parameterDefinitions>
    </hudson.model.ParametersDefinitionProperty>
    <se.diabol.jenkins.pipeline.PipelineProperty plugin="delivery-pipeline-plugin@0.8.0">
      <taskName>Riak Integration Test</taskName>
      <stageName>Test</stageName>
    </se.diabol.jenkins.pipeline.PipelineProperty>
    <com.sonyericsson.rebuild.RebuildSettings plugin="rebuild@1.21">
      <autoRebuild>false</autoRebuild>
    </com.sonyericsson.rebuild.RebuildSettings>
  </properties>
  <scm class="hudson.plugins.git.GitSCM" plugin="git@2.2.1">
    <configVersion>2</configVersion>
    <userRemoteConfigs>
      <hudson.plugins.git.UserRemoteConfig>
        <url>${CONFIG_REPO}</url>
      </hudson.plugins.git.UserRemoteConfig>
    </userRemoteConfigs>
    <branches>
      <hudson.plugins.git.BranchSpec>
        <name>${CONFIG_REPO_BRANCH}</name>
      </hudson.plugins.git.BranchSpec>
    </branches>
    <doGenerateSubmoduleConfigurations>false</doGenerateSubmoduleConfigurations>
    <submoduleCfg class="list"/>
    <extensions>
      <hudson.plugins.git.extensions.impl.CleanCheckout/>
      <hudson.plugins.git.extensions.impl.SubmoduleOption>
        <disableSubmodules>false</disableSubmodules>
        <recursiveSubmodules>true</recursiveSubmodules>
        <trackingSubmodules>false</trackingSubmodules>
      </hudson.plugins.git.extensions.impl.SubmoduleOption>
    </extensions>
  </scm>
  <canRoam>true</canRoam>
  <disabled>false</disabled>
  <blockBuildWhenDownstreamBuilding>false</blockBuildWhenDownstreamBuilding>
  <blockBuildWhenUpstreamBuilding>false</blockBuildWhenUpstreamBuilding>
  <triggers/>
  <concurrentBuild>false</concurrentBuild>
  <builders>
    <hudson.tasks.Shell>
      <command>#!bash -e

RUBY_VERSION=$(ruby -v | awk &apos;{print $2}&apos;)
export GEM_HOME=/var/vcap/store/gems/$RUBY_VERSION/$JOB_NAME
export GEM_PATH=$GEM_HOME
export PATH=$PATH:$GEM_HOME/bin
gem install bundler -v 1.6.2

source infrastructure/${JOB_INFRASTRUCTURE_DIR}/cf/nyet_ci.sh
export CF_HOME=&apos;${PWD}&apos;
CF_DOMAIN=$( echo $NYET_TARGET | sed &apos;s|https://api.||&apos; )

cd C3-Services
bundle install -j3

rake riak:integration_test[`pwd`/../jobs/riak/${RIAK_MANIFEST},https://${BOSH_MICRO_IP}:25555,${STEMCELL_URL},`pwd`/../infrastructure/${JOB_INFRASTRUCTURE_DIR}/riak,admin,admin,${CF_DOMAIN},${NYET_ADMIN_USERNAME},${NYET_ADMIN_PASSWORD}]</command>
    </hudson.tasks.Shell>
  </builders>
  <publishers/>
  <buildWrappers/>
</project>